<?xml version="1.0" encoding="UTF-8"?>
<!-- Generated by org.testng.reporters.JUnitReportReporter -->
<testsuite hostname="LAPTOP-VNCG93UD" failures="0" tests="3" name="testrunner.TestRunner" time="163.105" errors="0" timestamp="2024-08-20T16:42:12 IST" skipped="0">
  <testcase classname="testrunner.TestRunner" name="runScenario" time="55.828"/>
  <testcase classname="testrunner.TestRunner" name="runScenario" time="52.979"/>
  <testcase classname="testrunner.TestRunner" name="runScenario" time="54.298"/>
</testsuite> <!-- testrunner.TestRunner -->
