<?xml version="1.0" encoding="UTF-8"?>
<!-- Generated by org.testng.reporters.JUnitReportReporter -->
<testsuite hostname="LAPTOP-VNCG93UD" failures="0" tests="3" name="testrunner.TestRunner" time="157.308" errors="0" timestamp="2024-10-03T11:29:36 IST" skipped="0">
  <testcase classname="testrunner.TestRunner" name="runScenario" time="57.547"/>
  <testcase classname="testrunner.TestRunner" name="runScenario" time="52.506"/>
  <testcase classname="testrunner.TestRunner" name="runScenario" time="47.255"/>
</testsuite> <!-- testrunner.TestRunner -->
