<?xml version="1.0" encoding="UTF-8"?>
<!-- Generated by org.testng.reporters.JUnitReportReporter -->
<testsuite hostname="LAPTOP-VNCG93UD" failures="0" tests="3" name="testrunner.TestRunner" time="186.891" errors="0" timestamp="2024-08-20T17:45:25 IST" skipped="0">
  <testcase classname="testrunner.TestRunner" name="runScenario" time="58.062"/>
  <testcase classname="testrunner.TestRunner" name="runScenario" time="47.612"/>
  <testcase classname="testrunner.TestRunner" name="runScenario" time="81.217"/>
</testsuite> <!-- testrunner.TestRunner -->
