<?xml version="1.0" encoding="UTF-8"?>
<!-- Generated by org.testng.reporters.JUnitReportReporter -->
<testsuite hostname="LAPTOP-VNCG93UD" failures="0" tests="3" name="testrunner.TestRunner" time="142.444" errors="0" timestamp="2024-08-20T14:33:08 IST" skipped="0">
  <testcase classname="testrunner.TestRunner" name="runScenario" time="45.575"/>
  <testcase classname="testrunner.TestRunner" name="runScenario" time="52.646"/>
  <testcase classname="testrunner.TestRunner" name="runScenario" time="44.223"/>
</testsuite> <!-- testrunner.TestRunner -->
